<?xml version="1.0" encoding="UTF-8"?>
<testsuite xmlns:xsi="http://www.w3.org/2001/XMLSchema-instance" xsi:noNamespaceSchemaLocation="https://maven.apache.org/surefire/maven-surefire-plugin/xsd/surefire-test-report-3.0.xsd" version="3.0" name="oauth1.header.AuthorizationHeaderApplicationTests" time="2.997" tests="1" errors="0" skipped="0" failures="0">
  <properties>
[...]
</properties>
  <testcase name="contextLoads" classname="oauth1.header.AuthorizationHeaderApplicationTests" time="0.931">
    <system-out><![CDATA[13:04:49.921 [main] INFO org.springframework.test.context.support.AnnotationConfigContextLoaderUtils -- Could not detect default configuration classes for test class [oauth1.header.AuthorizationHeaderApplicationTests]: AuthorizationHeaderApplicationTests does not declare any static, non-private, non-final, nested classes annotated with @Configuration.
13:04:50.069 [main] INFO org.springframework.boot.test.context.SpringBootTestContextBootstrapper -- Found @SpringBootConfiguration oauth1.header.AuthorizationHeaderApplication for test class oauth1.header.AuthorizationHeaderApplicationTests

  .   ____          _            __ _ _
 /\\ / ___'_ __ _ _(_)_ __  __ _ \ \ \ \
( ( )\___ | '_ | '_| | '_ \/ _` | \ \ \ \
 \\/  ___)| |_)| | | | | || (_| |  ) ) ) )
  '  |____| .__|_| |_|_| |_\__, | / / / /
 =========|_|==============|___/=/_/_/_/

 :: Spring Boot ::                (v3.3.4)

2024-10-08T13:04:50.513+05:30  INFO 12232 --- [AuthorizationHeader] [           main] o.h.AuthorizationHeaderApplicationTests  : Starting AuthorizationHeaderApplicationTests using Java 17.0.11 with PID 12232 (started by Venu in A:\Ni_Daible\Essence\JavaSts\OAuth-1-Header\AuthorizationHeader)
2024-10-08T13:04:50.514+05:30  INFO 12232 --- [AuthorizationHeader] [           main] o.h.AuthorizationHeaderApplicationTests  : No active profile set, falling back to 1 default profile: "default"
2024-10-08T13:04:51.783+05:30  INFO 12232 --- [AuthorizationHeader] [           main] o.h.AuthorizationHeaderApplicationTests  : Started AuthorizationHeaderApplicationTests in 1.54 seconds (process running for 2.773)
]]></system-out>
  </testcase>
</testsuite>